<?xml version="1.0" encoding="UTF-8"?>
<!-- Generated by org.testng.reporters.JUnitReportReporter -->
<testsuite skipped="0" hostname="DESKTOP-MUAO6HD" name="link.groupingg" tests="3" failures="0" timestamp="11 May 2022 18:03:07 GMT" time="0.031" errors="0">
  <testcase name="tc1" time="0.016" classname="link.groupingg"/>
  <testcase name="tc3" time="0.015" classname="link.groupingg"/>
  <testcase name="tc2" time="0.000" classname="link.groupingg"/>
</testsuite> <!-- link.groupingg -->
