<?xml version="1.0" encoding="UTF-8"?>
<!-- Generated by org.testng.reporters.JUnitReportReporter -->
<testsuite skipped="0" hostname="DESKTOP-MUAO6HD" name="link.parallelex" tests="2" failures="0" timestamp="11 May 2022 18:32:56 GMT" time="12.222" errors="0">
  <testcase name="testcase" time="6.524" classname="link.parallelex"/>
  <testcase name="testcase" time="5.698" classname="link.parallelex"/>
</testsuite> <!-- link.parallelex -->
