<?xml version="1.0" encoding="UTF-8"?>
<!-- Generated by org.testng.reporters.JUnitReportReporter -->
<testsuite skipped="0" hostname="DESKTOP-MUAO6HD" name="dataproviderss" tests="2" failures="0" timestamp="10 May 2022 18:26:52 GMT" time="0.062" errors="0">
  <testcase name="Axis" time="0.016" classname="dataproviderss"/>
  <testcase name="Axis" time="0.046" classname="dataproviderss"/>
</testsuite> <!-- dataproviderss -->
