<?xml version="1.0" encoding="UTF-8"?>
<!-- Generated by org.testng.reporters.JUnitReportReporter -->
<testsuite skipped="0" hostname="DESKTOP-MUAO6HD" name="march122" tests="3" failures="0" timestamp="13 Mar 2022 13:39:18 GMT" time="0.121" errors="0">
  <testcase name="tc20" time="0.041" classname="march122"/>
  <testcase name="tc10" time="0.040" classname="march122"/>
  <testcase name="tc30" time="0.040" classname="march122"/>
</testsuite> <!-- march122 -->
