<?xml version="1.0" encoding="UTF-8"?>
<!-- Generated by org.testng.reporters.JUnitReportReporter -->
<testsuite skipped="0" hostname="DESKTOP-MUAO6HD" name="march1222" tests="3" failures="0" timestamp="02 Apr 2022 13:58:11 GMT" time="0.061" errors="0">
  <testcase name="tc200" time="0.008" classname="march1222"/>
  <testcase name="tc300" time="0.004" classname="march1222"/>
  <testcase name="tc100" time="0.049" classname="march1222"/>
</testsuite> <!-- march1222 -->
