<?xml version="1.0" encoding="UTF-8"?>
<!-- Generated by org.testng.reporters.JUnitReportReporter -->
<testsuite skipped="0" hostname="DESKTOP-MUAO6HD" name="Parameter" tests="1" failures="0" timestamp="10 May 2022 17:29:30 GMT" time="2.216" errors="0">
  <testcase name="hdfc" time="2.216" classname="Parameter"/>
</testsuite> <!-- Parameter -->
